Opening files...
Parsing specification from standard input...
Checking specification...
Warning: Terminal "FULL_STOP" was declared but never used
Warning: Terminal "ENUM" was declared but never used
Warning: Non terminal "StatementIf" was declared but never used
Warning: Non terminal "DesignatorName" was declared but never used
Building parse tables...
  Computing non-terminal nullability...
  Computing first sets...
  Building state machine...
  Filling in tables...
  Checking for non-reduced productions...
*** Production "Assignop ::= ASSIGNMENT " never reduced
Writing parser...
Closing files...
------- CUP v0.10k Parser Generation Summary -------
  0 errors and 5 warnings
  51 terminals, 55 non-terminals, and 136 productions declared, 
  producing 271 unique parse states.
  4 terminals declared but not used.
  0 non-terminals declared but not used.
  0 productions never reduced.
  0 conflicts detected (0 expected).
  Code written to "MJParser.java", and "sym.java".
---------------------------------------------------- (v0.10k)
